<?xml version="1.0" encoding="UTF-8"?>
<!-- Generated by org.testng.reporters.JUnitReportReporter -->
<testsuite hostname="DELL" failures="0" tests="1" name="com.actitime.testscript.CustomerModule" time="0.013" errors="0" timestamp="2024-09-01T10:52:09 IST" skipped="0">
  <testcase classname="com.actitime.testscript.CustomerModule" name="CreateCust" time="0.013"/>
  <system-out>
    <![CDATA[Customer Created]]>
  </system-out>
</testsuite> <!-- com.actitime.testscript.CustomerModule -->
